1669175479: mosquitto version 2.0.15 starting
1669175479: Config loaded from /mosquitto/config/mosquitto.conf.
1669175479: Opening ipv4 listen socket on port 1883.
1669175479: Opening ipv6 listen socket on port 1883.
1669175479: mosquitto version 2.0.15 running
1669175586: mosquitto version 2.0.15 starting
1669175586: Config loaded from /mosquitto/config/mosquitto.conf.
1669175586: Opening ipv4 listen socket on port 1883.
1669175586: Opening ipv6 listen socket on port 1883.
1669175586: mosquitto version 2.0.15 running
1669175616: mosquitto version 2.0.15 terminating
1669175616: Saving in-memory database to /mosquitto/data//mosquitto.db.
1669175634: mosquitto version 2.0.15 starting
1669175634: Config loaded from /mosquitto/config/mosquitto.conf.
1669175634: Opening ipv4 listen socket on port 1883.
1669175634: Opening ipv6 listen socket on port 1883.
1669175634: mosquitto version 2.0.15 running
1669175644: mosquitto version 2.0.15 terminating
1669175644: Saving in-memory database to /mosquitto/data//mosquitto.db.
1669175646: mosquitto version 2.0.15 starting
1669175646: Config loaded from /mosquitto/config/mosquitto.conf.
1669175646: Opening ipv4 listen socket on port 1883.
1669175646: Opening ipv6 listen socket on port 1883.
1669175646: mosquitto version 2.0.15 running
1669175654: mosquitto version 2.0.15 terminating
1669175654: Saving in-memory database to /mosquitto/data//mosquitto.db.
1669176065: mosquitto version 2.0.15 starting
1669176065: Config loaded from /mosquitto/config/mosquitto.conf.
1669176065: Opening ipv4 listen socket on port 1883.
1669176065: Opening ipv6 listen socket on port 1883.
1669176065: mosquitto version 2.0.15 running
1669176170: mosquitto version 2.0.15 terminating
1669176170: Saving in-memory database to /mosquitto/data//mosquitto.db.
1669176188: mosquitto version 2.0.15 starting
1669176188: Config loaded from /mosquitto/config/mosquitto.conf.
1669176188: Opening ipv4 listen socket on port 1883.
1669176188: Opening ipv6 listen socket on port 1883.
1669176188: mosquitto version 2.0.15 running
1669176402: mosquitto version 2.0.15 starting
1669176402: Config loaded from /mosquitto/config/mosquitto.conf.
1669176402: Opening ipv4 listen socket on port 1884.
1669176402: Opening ipv6 listen socket on port 1884.
1669176402: mosquitto version 2.0.15 running
1669176550: New connection from 192.168.128.1:55160 on port 1884.
1669176550: New client connected from 192.168.128.1:55160 as c (p2, c1, k60).
1669176877: mosquitto version 2.0.15 starting
1669176877: Config loaded from /mosquitto/config/mosquitto.conf.
1669176877: Opening ipv4 listen socket on port 1884.
1669176877: Opening ipv6 listen socket on port 1884.
1669176877: mosquitto version 2.0.15 running
1669176953: New connection from 192.168.144.1:60032 on port 1884.
1669176953: New client connected from 192.168.144.1:60032 as c (p2, c1, k60).
1669176955: Client c disconnected.
1669177536: New connection from 192.168.144.1:65116 on port 1884.
1669177536: New client connected from 192.168.144.1:65116 as c (p2, c1, k60).
1669177541: Client c disconnected.
1669177552: mosquitto version 2.0.15 terminating
1669177552: Saving in-memory database to /mosquitto/data//mosquitto.db.
1669177826: mosquitto version 2.0.15 starting
1669177826: Config loaded from /mosquitto/config/mosquitto.conf.
1669177826: Opening ipv4 listen socket on port 1884.
1669177826: Opening ipv6 listen socket on port 1884.
1669177826: mosquitto version 2.0.15 running
1669177840: New connection from 192.168.160.1:64324 on port 1884.
1669177840: New client connected from 192.168.160.1:64324 as c (p2, c1, k60).
1669178319: New connection from 192.168.160.1:63824 on port 1884.
1669178319: New connection from 192.168.160.1:63834 on port 1884.
1669178319: Client <unknown> disconnected due to malformed packet.
1669178320: Client <unknown> disconnected due to malformed packet.
1669178320: New connection from 192.168.160.1:63840 on port 1884.
1669178320: Client <unknown> disconnected due to malformed packet.
1669178320: New connection from 192.168.160.1:63844 on port 1884.
1669178320: Client <unknown> disconnected due to malformed packet.
1669178578: mosquitto version 2.0.15 terminating
1669178578: Saving in-memory database to /mosquitto/data//mosquitto.db.
1669178619: mosquitto version 2.0.15 starting
1669178619: Config loaded from /mosquitto/config/mosquitto.conf.
1669178619: Opening ipv4 listen socket on port 1884.
1669178619: Opening ipv6 listen socket on port 1884.
1669178619: mosquitto version 2.0.15 running
1669178670: New connection from 192.168.176.1:55492 on port 1884.
1669178670: New client connected from 192.168.176.1:55492 as c (p2, c1, k60).
1669178673: Client c disconnected.
1669178909: New connection from 192.168.176.1:61934 on port 1884.
1669178909: New client connected from 192.168.176.1:61934 as c (p2, c1, k60).
1669179663: New connection from 192.168.176.1:64896 on port 1884.
1669179663: New client connected from 192.168.176.1:64896 as mqtt_8c3f074409e8 (p2, c1, k60).
1669179943: mosquitto version 2.0.15 terminating
1669179943: Saving in-memory database to /mosquitto/data//mosquitto.db.
1669180818: mosquitto version 2.0.15 starting
1669180818: Config loaded from /mosquitto/config/mosquitto.conf.
1669180818: Opening ipv4 listen socket on port 1884.
1669180818: Opening ipv6 listen socket on port 1884.
1669180818: mosquitto version 2.0.15 running
1669180877: mosquitto version 2.0.15 terminating
1669180877: Saving in-memory database to /mosquitto/data//mosquitto.db.
1669180899: mosquitto version 2.0.15 starting
1669180899: Config loaded from /mosquitto/config/mosquitto.conf.
1669180899: Opening ipv4 listen socket on port 1884.
1669180899: Opening ipv6 listen socket on port 1884.
1669180899: mosquitto version 2.0.15 running
1669181027: mosquitto version 2.0.15 terminating
1669181027: Saving in-memory database to /mosquitto/data//mosquitto.db.
